<?xml version="1.0" encoding="UTF-8"?>
<checkstyle version="5.1">
<file name="D:\Phils\GITHUB\integration-toolkit-sample-code-java\common-library\src\src\main\java\au\gov\nehta\vendorlibrary\common\DOMUtil.java">
<error line="0" severity="error" message="Got an exception - java.lang.RuntimeException: Unable to get class information for @throws tag &apos;{@link&apos;." source="com.puppycrawl.tools.checkstyle.TreeWalker"/>
<error line="10" severity="error" message="Line does not match expected header line of &apos;^ \* WARRANTIES OR CONDITIONS OF ANY KIND, either express or implied. See the$&apos;." source="com.puppycrawl.tools.checkstyle.checks.header.RegexpHeaderCheck"/>
</file>
<file name="D:\Phils\GITHUB\integration-toolkit-sample-code-java\common-library\src\src\main\java\au\gov\nehta\vendorlibrary\common\JAXBUtil.java">
<error line="3" severity="error" message="Line does not match expected header line of &apos;^ \*$&apos;." source="com.puppycrawl.tools.checkstyle.checks.header.RegexpHeaderCheck"/>
</file>
<file name="D:\Phils\GITHUB\integration-toolkit-sample-code-java\common-library\src\src\main\java\au\gov\nehta\vendorlibrary\common\security\EncryptedContainerProfileUtil.java">
<error line="30" severity="info" message="Missing a Javadoc comment." source="com.puppycrawl.tools.checkstyle.checks.javadoc.JavadocTypeCheck"/>
<error line="38" column="3" severity="info" message="Missing a Javadoc comment." source="com.puppycrawl.tools.checkstyle.checks.javadoc.JavadocMethodCheck"/>
<error line="57" column="3" severity="info" message="Missing a Javadoc comment." source="com.puppycrawl.tools.checkstyle.checks.javadoc.JavadocMethodCheck"/>
<error line="77" column="3" severity="info" message="Missing a Javadoc comment." source="com.puppycrawl.tools.checkstyle.checks.javadoc.JavadocMethodCheck"/>
<error line="86" column="3" severity="info" message="Missing a Javadoc comment." source="com.puppycrawl.tools.checkstyle.checks.javadoc.JavadocMethodCheck"/>
<error line="100" column="3" severity="info" message="Missing a Javadoc comment." source="com.puppycrawl.tools.checkstyle.checks.javadoc.JavadocMethodCheck"/>
</file>
<file name="D:\Phils\GITHUB\integration-toolkit-sample-code-java\common-library\src\src\main\java\au\gov\nehta\vendorlibrary\common\security\KeystoreUtil.java">
<error line="0" severity="error" message="Got an exception - java.lang.RuntimeException: Unable to get class information for @throws tag &apos;{@link&apos;." source="com.puppycrawl.tools.checkstyle.TreeWalker"/>
<error line="79" column="3" severity="info" message="Cyclomatic Complexity is 10 (max allowed is 6)." source="com.puppycrawl.tools.checkstyle.checks.metrics.CyclomaticComplexityCheck"/>
<error line="79" column="3" severity="warning" message="Executable statement count is 25 (max allowed is 16)." source="com.puppycrawl.tools.checkstyle.checks.sizes.ExecutableStatementCountCheck"/>
<error line="79" column="3" severity="error" message="Executable statement count is 25 (max allowed is 20)." source="com.puppycrawl.tools.checkstyle.checks.sizes.ExecutableStatementCountCheck"/>
<error line="130" severity="info" message="Comment matches to-do format &apos;TODO&apos;." source="com.puppycrawl.tools.checkstyle.checks.TodoCommentCheck"/>
</file>
<file name="D:\Phils\GITHUB\integration-toolkit-sample-code-java\common-library\src\src\main\java\au\gov\nehta\vendorlibrary\common\security\SignedContainerProfileUtil.java">
<error line="38" severity="info" message="Missing a Javadoc comment." source="com.puppycrawl.tools.checkstyle.checks.javadoc.JavadocTypeCheck"/>
<error line="49" column="1" severity="error" message="File contains tab characters (this is the first instance)." source="com.puppycrawl.tools.checkstyle.checks.whitespace.FileTabCharacterCheck"/>
<error line="58" severity="error" message="method def modifier at indentation level 8 not at correct indentation, 10" source="com.puppycrawl.tools.checkstyle.checks.indentation.IndentationCheck"/>
<error line="59" severity="error" message="method def modifier at indentation level 8 not at correct indentation, 10" source="com.puppycrawl.tools.checkstyle.checks.indentation.IndentationCheck"/>
<error line="61" severity="error" message="method def rcurly at indentation level 16 not at correct indentation, 10" source="com.puppycrawl.tools.checkstyle.checks.indentation.IndentationCheck"/>
<error line="62" severity="error" message="object def rcurly at indentation level 8 not at correct indentation, [2, 4]" source="com.puppycrawl.tools.checkstyle.checks.indentation.IndentationCheck"/>
<error line="74" column="3" severity="info" message="Missing a Javadoc comment." source="com.puppycrawl.tools.checkstyle.checks.javadoc.JavadocMethodCheck"/>
<error line="90" column="3" severity="info" message="Missing a Javadoc comment." source="com.puppycrawl.tools.checkstyle.checks.javadoc.JavadocMethodCheck"/>
<error line="147" column="20" severity="info" message="Expected @param tag for &apos;signedDocument&apos;." source="com.puppycrawl.tools.checkstyle.checks.javadoc.JavadocMethodCheck"/>
<error line="147" column="43" severity="info" message="Expected @throws tag for &apos;XspException&apos;." source="com.puppycrawl.tools.checkstyle.checks.javadoc.JavadocMethodCheck"/>
<error line="156" column="31" severity="error" message="Must have at least one statement." source="com.puppycrawl.tools.checkstyle.checks.blocks.EmptyBlockCheck"/>
<error line="157" severity="info" message="Comment matches to-do format &apos;TODO&apos;." source="com.puppycrawl.tools.checkstyle.checks.TodoCommentCheck"/>
<error line="174" severity="error" message="Must include both @java.lang.Deprecated annotation and @deprecated Javadoc tag with description." source="com.puppycrawl.tools.checkstyle.checks.annotation.MissingDeprecatedCheck"/>
<error line="176" column="59" severity="info" message="Expected @throws tag for &apos;SignatureValidationException&apos;." source="com.puppycrawl.tools.checkstyle.checks.javadoc.JavadocMethodCheck"/>
<error line="188" severity="error" message="catch child at indentation level 9 not at correct indentation, 6" source="com.puppycrawl.tools.checkstyle.checks.indentation.IndentationCheck"/>
<error line="189" severity="error" message="catch rcurly at indentation level 8 not at correct indentation, 4" source="com.puppycrawl.tools.checkstyle.checks.indentation.IndentationCheck"/>
<error line="200" column="6" severity="info" message="Unused @param tag for &apos;certificateVerifier&apos;." source="com.puppycrawl.tools.checkstyle.checks.javadoc.JavadocMethodCheck"/>
<error line="206" column="32" severity="info" message="Expected @param tag for &apos;certificateValidator&apos;." source="com.puppycrawl.tools.checkstyle.checks.javadoc.JavadocMethodCheck"/>
<error line="206" column="61" severity="info" message="Expected @throws tag for &apos;SignatureValidationException&apos;." source="com.puppycrawl.tools.checkstyle.checks.javadoc.JavadocMethodCheck"/>
<error line="215" column="6" severity="error" message="&apos;catch&apos; is not preceded with whitespace." source="com.puppycrawl.tools.checkstyle.checks.whitespace.WhitespaceAroundCheck"/>
<error line="215" column="6" severity="error" message="&apos;}&apos; is not followed by whitespace." source="com.puppycrawl.tools.checkstyle.checks.whitespace.WhitespaceAroundCheck"/>
<error line="216" severity="error" message="catch child at indentation level 9 not at correct indentation, 6" source="com.puppycrawl.tools.checkstyle.checks.indentation.IndentationCheck"/>
<error line="217" severity="error" message="catch rcurly at indentation level 8 not at correct indentation, 4" source="com.puppycrawl.tools.checkstyle.checks.indentation.IndentationCheck"/>
<error line="231" column="43" severity="info" message="Expected @throws tag for &apos;SignatureValidationException&apos;." source="com.puppycrawl.tools.checkstyle.checks.javadoc.JavadocMethodCheck"/>
</file>
<file name="D:\Phils\GITHUB\integration-toolkit-sample-code-java\common-library\src\src\main\java\au\gov\nehta\vendorlibrary\common\security\SignedEncryptedContainerProfileUtil.java">
<error line="26" severity="info" message="Missing a Javadoc comment." source="com.puppycrawl.tools.checkstyle.checks.javadoc.JavadocTypeCheck"/>
<error line="34" column="3" severity="info" message="Missing a Javadoc comment." source="com.puppycrawl.tools.checkstyle.checks.javadoc.JavadocMethodCheck"/>
<error line="49" column="3" severity="info" message="Missing a Javadoc comment." source="com.puppycrawl.tools.checkstyle.checks.javadoc.JavadocMethodCheck"/>
<error line="65" column="3" severity="info" message="Missing a Javadoc comment." source="com.puppycrawl.tools.checkstyle.checks.javadoc.JavadocMethodCheck"/>
<error line="77" column="3" severity="info" message="Missing a Javadoc comment." source="com.puppycrawl.tools.checkstyle.checks.javadoc.JavadocMethodCheck"/>
</file>
<file name="D:\Phils\GITHUB\integration-toolkit-sample-code-java\common-library\src\src\main\java\au\gov\nehta\vendorlibrary\common\security\SimpleCertificateValidator.java">
<error line="1" severity="error" message="Line does not match expected header line of &apos;^\/\*$&apos;." source="com.puppycrawl.tools.checkstyle.checks.header.RegexpHeaderCheck"/>
<error line="18" column="72" severity="error" message="&apos;{&apos; is not preceded with whitespace." source="com.puppycrawl.tools.checkstyle.checks.whitespace.WhitespaceAroundCheck"/>
<error line="20" severity="error" message="member def modifier at indentation level 8 not at correct indentation, 2" source="com.puppycrawl.tools.checkstyle.checks.indentation.IndentationCheck"/>
<error line="20" column="1" severity="error" message="File contains tab characters (this is the first instance)." source="com.puppycrawl.tools.checkstyle.checks.whitespace.FileTabCharacterCheck"/>
<error line="28" severity="error" message="ctor def modifier at indentation level 8 not at correct indentation, 2" source="com.puppycrawl.tools.checkstyle.checks.indentation.IndentationCheck"/>
<error line="28" column="52" severity="info" message="Expected @param tag for &apos;truststore&apos;." source="com.puppycrawl.tools.checkstyle.checks.javadoc.JavadocMethodCheck"/>
<error line="29" severity="error" message="ctor def child at indentation level 16 not at correct indentation, 4" source="com.puppycrawl.tools.checkstyle.checks.indentation.IndentationCheck"/>
<error line="29" column="32" severity="error" message="&apos;=&apos; is not preceded with whitespace." source="com.puppycrawl.tools.checkstyle.checks.whitespace.WhitespaceAroundCheck"/>
<error line="29" column="33" severity="error" message="&apos;=&apos; is not followed by whitespace." source="com.puppycrawl.tools.checkstyle.checks.whitespace.WhitespaceAroundCheck"/>
<error line="30" severity="error" message="ctor def rcurly at indentation level 8 not at correct indentation, 2" source="com.puppycrawl.tools.checkstyle.checks.indentation.IndentationCheck"/>
<error line="32" severity="error" message="method def modifier at indentation level 8 not at correct indentation, 2" source="com.puppycrawl.tools.checkstyle.checks.indentation.IndentationCheck"/>
<error line="32" column="9" severity="warning" message="Method &apos;validate&apos; is not designed for extension - needs to be abstract, final or empty." source="com.puppycrawl.tools.checkstyle.checks.design.DesignForExtensionCheck"/>
<error line="33" severity="error" message="method def modifier at indentation level 8 not at correct indentation, 2" source="com.puppycrawl.tools.checkstyle.checks.indentation.IndentationCheck"/>
<error line="34" severity="error" message="try at indentation level 16 not at correct indentation, 4" source="com.puppycrawl.tools.checkstyle.checks.indentation.IndentationCheck"/>
<error line="35" severity="error" message="try child at indentation level 24 not at correct indentation, 6" source="com.puppycrawl.tools.checkstyle.checks.indentation.IndentationCheck"/>
<error line="36" severity="error" message="try child at indentation level 24 not at correct indentation, 6" source="com.puppycrawl.tools.checkstyle.checks.indentation.IndentationCheck"/>
<error line="37" severity="error" message="try rcurly at indentation level 16 not at correct indentation, 4" source="com.puppycrawl.tools.checkstyle.checks.indentation.IndentationCheck"/>
<error line="38" severity="error" message="catch child at indentation level 24 not at correct indentation, 6" source="com.puppycrawl.tools.checkstyle.checks.indentation.IndentationCheck"/>
<error line="39" severity="error" message="catch rcurly at indentation level 16 not at correct indentation, 4" source="com.puppycrawl.tools.checkstyle.checks.indentation.IndentationCheck"/>
<error line="40" severity="error" message="method def rcurly at indentation level 8 not at correct indentation, 2" source="com.puppycrawl.tools.checkstyle.checks.indentation.IndentationCheck"/>
<error line="47" severity="error" message="method def modifier at indentation level 8 not at correct indentation, 2" source="com.puppycrawl.tools.checkstyle.checks.indentation.IndentationCheck"/>
<error line="49" severity="error" message="if at indentation level 16 not at correct indentation, 4" source="com.puppycrawl.tools.checkstyle.checks.indentation.IndentationCheck"/>
<error line="50" severity="error" message="if child at indentation level 24 not at correct indentation, 6" source="com.puppycrawl.tools.checkstyle.checks.indentation.IndentationCheck"/>
<error line="51" severity="error" message="if rcurly at indentation level 16 not at correct indentation, 4" source="com.puppycrawl.tools.checkstyle.checks.indentation.IndentationCheck"/>
<error line="53" severity="error" message="method def child at indentation level 16 not at correct indentation, 4" source="com.puppycrawl.tools.checkstyle.checks.indentation.IndentationCheck"/>
<error line="55" severity="error" message="if at indentation level 16 not at correct indentation, 4" source="com.puppycrawl.tools.checkstyle.checks.indentation.IndentationCheck"/>
<error line="58" severity="error" message="if child at indentation level 24 not at correct indentation, 6" source="com.puppycrawl.tools.checkstyle.checks.indentation.IndentationCheck"/>
<error line="60" severity="error" message="if at indentation level 24 not at correct indentation, 6" source="com.puppycrawl.tools.checkstyle.checks.indentation.IndentationCheck"/>
<error line="61" severity="error" message="if child at indentation level 32 not at correct indentation, 8" source="com.puppycrawl.tools.checkstyle.checks.indentation.IndentationCheck"/>
<error line="62" severity="error" message="if rcurly at indentation level 24 not at correct indentation, 6" source="com.puppycrawl.tools.checkstyle.checks.indentation.IndentationCheck"/>
<error line="63" severity="error" message="if rcurly at indentation level 16 not at correct indentation, 4" source="com.puppycrawl.tools.checkstyle.checks.indentation.IndentationCheck"/>
<error line="65" severity="error" message="method def child at indentation level 16 not at correct indentation, 4" source="com.puppycrawl.tools.checkstyle.checks.indentation.IndentationCheck"/>
<error line="66" severity="error" message="method def rcurly at indentation level 8 not at correct indentation, 2" source="com.puppycrawl.tools.checkstyle.checks.indentation.IndentationCheck"/>
</file>
<file name="D:\Phils\GITHUB\integration-toolkit-sample-code-java\common-library\src\src\main\java\au\gov\nehta\vendorlibrary\ws\TimeUtility.java">
<error line="88" column="3" severity="warning" message="Executable statement count is 23 (max allowed is 16)." source="com.puppycrawl.tools.checkstyle.checks.sizes.ExecutableStatementCountCheck"/>
<error line="88" column="3" severity="error" message="Executable statement count is 23 (max allowed is 20)." source="com.puppycrawl.tools.checkstyle.checks.sizes.ExecutableStatementCountCheck"/>
<error line="136" column="3" severity="warning" message="Executable statement count is 17 (max allowed is 16)." source="com.puppycrawl.tools.checkstyle.checks.sizes.ExecutableStatementCountCheck"/>
</file>
<file name="D:\Phils\GITHUB\integration-toolkit-sample-code-java\common-library\src\src\main\java\au\gov\nehta\vendorlibrary\ws\WebServiceClientUtil.java">
<error line="24" column="8" severity="error" message="Unused import - com.sun.xml.ws.developer.JAXWSProperties." source="com.puppycrawl.tools.checkstyle.checks.imports.UnusedImportsCheck"/>
<error line="42" severity="error" message="Line is longer than 150 characters." source="com.puppycrawl.tools.checkstyle.checks.sizes.LineLengthCheck"/>
<error line="113" column="45" severity="info" message="Expected @param tag for &apos;handlerChain&apos;." source="com.puppycrawl.tools.checkstyle.checks.javadoc.JavadocMethodCheck"/>
</file>
<file name="D:\Phils\GITHUB\integration-toolkit-sample-code-java\common-library\src\src\main\java\au\gov\nehta\vendorlibrary\ws\handler\LoggingHandler.java">
<error line="130" severity="error" message="if child at indentation level 8 not at correct indentation, 6" source="com.puppycrawl.tools.checkstyle.checks.indentation.IndentationCheck"/>
<error line="130" column="5" severity="error" message="File contains tab characters (this is the first instance)." source="com.puppycrawl.tools.checkstyle.checks.whitespace.FileTabCharacterCheck"/>
<error line="135" severity="error" message="else child at indentation level 8 not at correct indentation, 6" source="com.puppycrawl.tools.checkstyle.checks.indentation.IndentationCheck"/>
</file>
<file name="D:\Phils\GITHUB\integration-toolkit-sample-code-java\common-library\src\src\main\java\au\gov\nehta\vendorlibrary\xml\XmlUtil.java">
<error line="26" column="1" severity="error" message="File contains tab characters (this is the first instance)." source="com.puppycrawl.tools.checkstyle.checks.whitespace.FileTabCharacterCheck"/>
<error line="29" severity="error" message="member def modifier at indentation level 10 not at correct indentation, 2" source="com.puppycrawl.tools.checkstyle.checks.indentation.IndentationCheck"/>
<error line="42" severity="error" message="method def child at indentation level 8 not at correct indentation, 4" source="com.puppycrawl.tools.checkstyle.checks.indentation.IndentationCheck"/>
<error line="43" severity="error" message="method def child at indentation level 8 not at correct indentation, 4" source="com.puppycrawl.tools.checkstyle.checks.indentation.IndentationCheck"/>
<error line="45" severity="error" message="try at indentation level 8 not at correct indentation, 4" source="com.puppycrawl.tools.checkstyle.checks.indentation.IndentationCheck"/>
<error line="46" severity="error" message="try child at indentation level 16 not at correct indentation, 6" source="com.puppycrawl.tools.checkstyle.checks.indentation.IndentationCheck"/>
<error line="47" severity="error" message="try child at indentation level 16 not at correct indentation, 6" source="com.puppycrawl.tools.checkstyle.checks.indentation.IndentationCheck"/>
<error line="48" severity="error" message="try rcurly at indentation level 8 not at correct indentation, 4" source="com.puppycrawl.tools.checkstyle.checks.indentation.IndentationCheck"/>
<error line="49" severity="error" message="catch child at indentation level 16 not at correct indentation, 6" source="com.puppycrawl.tools.checkstyle.checks.indentation.IndentationCheck"/>
<error line="49" column="95" severity="error" message="&apos;,&apos; is not followed by whitespace." source="com.puppycrawl.tools.checkstyle.checks.whitespace.WhitespaceAfterCheck"/>
<error line="50" severity="error" message="catch rcurly at indentation level 8 not at correct indentation, 4" source="com.puppycrawl.tools.checkstyle.checks.indentation.IndentationCheck"/>
<error line="52" severity="error" message="method def child at indentation level 8 not at correct indentation, 4" source="com.puppycrawl.tools.checkstyle.checks.indentation.IndentationCheck"/>
</file>
</checkstyle>
